<?xml version="1.0" encoding="UTF-8"?>
<!-- Generated by org.testng.reporters.JUnitReportReporter -->
<testsuite hostname="DESKTOP-TMFK1EB" failures="0" tests="1" name="com.qa.base.DriverScript" time="4.931" errors="0" timestamp="2024-02-22T18:27:35 CST" skipped="0">
  <testcase classname="com.qa.base.DriverScript" name="Initapplication" time="4.931"/>
  <system-out/>
</testsuite> <!-- com.qa.base.DriverScript -->
