<?xml version="1.0" encoding="UTF-8"?>
<!-- Generated by org.testng.reporters.JUnitReportReporter -->
<testsuite hostname="DESKTOP-TMFK1EB" failures="0" tests="2" name="com.qa.pages.TestloginPage" time="13.174" errors="0" timestamp="2024-02-24T10:21:54 CST" skipped="0">
  <testcase classname="com.qa.pages.TestloginPage" name="gettile" time="5.898"/>
  <system-out/>
  <testcase classname="com.qa.pages.TestloginPage" name="sendloginElements" time="7.276"/>
  <system-out/>
</testsuite> <!-- com.qa.pages.TestloginPage -->
