<?xml version="1.0" encoding="UTF-8"?>
<!-- Generated by org.testng.reporters.JUnitReportReporter -->
<testsuite hostname="DESKTOP-TMFK1EB" failures="0" tests="1" name="com.qa.pages.loginpage" time="5.915" errors="0" timestamp="2024-02-24T09:30:38 CST" skipped="0">
  <testcase classname="com.qa.pages.loginpage" name="Initapplication" time="5.915"/>
  <system-out/>
</testsuite> <!-- com.qa.pages.loginpage -->
